-- Found ament_cmake: 0.9.9 (/home/ros-vm/ros2_foxy/ros2-linux/share/ament_cmake/cmake)
-- Found PythonInterp: /usr/bin/python3 (found suitable version "3.8.10", minimum required is "3") 
-- Using PYTHON_EXECUTABLE: /usr/bin/python3
-- Found ament_lint_auto: 0.9.6 (/home/ros-vm/ros2_foxy/ros2-linux/share/ament_lint_auto/cmake)
-- Found rosidl_default_generators: 1.0.1 (/home/ros-vm/ros2_foxy/ros2-linux/share/rosidl_default_generators/cmake)
-- Using all available rosidl_typesupport_c: rosidl_typesupport_connext_c;rosidl_typesupport_fastrtps_c;rosidl_typesupport_introspection_c
-- Found rosidl_adapter: 1.2.1 (/home/ros-vm/ros2_foxy/ros2-linux/share/rosidl_adapter/cmake)
-- Could not find RTI Connext - skipping rosidl_typesupport_connext_c
-- Could not find RTI Connext - skipping rosidl_typesupport_connext_cpp
-- Using all available rosidl_typesupport_cpp: rosidl_typesupport_connext_cpp;rosidl_typesupport_fastrtps_cpp;rosidl_typesupport_introspection_cpp
-- Found PythonInterp: /usr/bin/python3 (found version "3.8.10") 
-- Found ament_cmake_ros: 0.9.2 (/home/ros-vm/ros2_foxy/ros2-linux/share/ament_cmake_ros/cmake)
-- Using all available rosidl_typesupport_c: rosidl_typesupport_connext_c;rosidl_typesupport_fastrtps_c;rosidl_typesupport_introspection_c
-- Using all available rosidl_typesupport_cpp: rosidl_typesupport_connext_cpp;rosidl_typesupport_fastrtps_cpp;rosidl_typesupport_introspection_cpp
-- Found PythonInterp: /usr/bin/python3 (found suitable version "3.8.10", minimum required is "3.5") 
-- Found python_cmake_module: 0.8.1 (/home/ros-vm/ros2_foxy/ros2-linux/share/python_cmake_module/cmake)
-- Using PYTHON_EXECUTABLE: /usr/bin/python3
-- Using PYTHON_INCLUDE_DIRS: /usr/include/python3.8
-- Using PYTHON_LIBRARIES: /usr/lib/x86_64-linux-gnu/libpython3.8.so
-- Added test 'copyright' to check source files copyright and LICENSE
-- Added test 'lint_cmake' to check CMake code style
-- Added test 'xmllint' to check XML markup files
-- Configuring done
-- Generating done
-- Build files have been written to: /home/ros-vm/github/auton_sys-23/utils/build/rover_utils
[  3%] [34m[1mGenerating C code for ROS interfaces[0m
[  6%] [34m[1mGenerating C++ code for ROS interfaces[0m
[35m[1mScanning dependencies of target rover_utils__rosidl_generator_c[0m
[  6%] Built target rover_utils__cpp
[  9%] [32mBuilding C object CMakeFiles/rover_utils__rosidl_generator_c.dir/rosidl_generator_c/rover_utils/action/detail/minimal_walk__functions.c.o[0m
[ 12%] [34m[1mGenerating C++ type support dispatch for ROS interfaces[0m
In file included from [01m[K/home/ros-vm/github/auton_sys-23/utils/build/rover_utils/rosidl_generator_c/rover_utils/action/detail/minimal_walk__functions.h:19[m[K,
                 from [01m[K/home/ros-vm/github/auton_sys-23/utils/build/rover_utils/rosidl_generator_c/rover_utils/action/detail/minimal_walk__functions.c:4[m[K:
[01m[K/home/ros-vm/github/auton_sys-23/utils/build/rover_utils/rosidl_generator_c/rover_utils/action/detail/minimal_walk__struct.h:22:10:[m[K [01;31m[Kfatal error: [m[Krover_utils/msg/detail/point32__struct.h: No such file or directory
   22 | #include [01;31m[K"rover_utils/msg/detail/point32__struct.h"[m[K
      |          [01;31m[K^~~~~~~~~~~~~~~~~~~~~~~~~~~~~~~~~~~~~~~~~~[m[K
compilation terminated.
make[2]: *** [CMakeFiles/rover_utils__rosidl_generator_c.dir/build.make:99: CMakeFiles/rover_utils__rosidl_generator_c.dir/rosidl_generator_c/rover_utils/action/detail/minimal_walk__functions.c.o] Error 1
make[1]: *** [CMakeFiles/Makefile2:267: CMakeFiles/rover_utils__rosidl_generator_c.dir/all] Error 2
make[1]: *** Waiting for unfinished jobs....
[35m[1mScanning dependencies of target rover_utils__rosidl_typesupport_cpp[0m
[ 16%] [32mBuilding CXX object CMakeFiles/rover_utils__rosidl_typesupport_cpp.dir/rosidl_typesupport_cpp/rover_utils/action/minimal_walk__type_support.cpp.o[0m
In file included from [01m[K/home/ros-vm/github/auton_sys-23/utils/build/rover_utils/rosidl_typesupport_cpp/rover_utils/action/minimal_walk__type_support.cpp:7[m[K:
[01m[K/home/ros-vm/github/auton_sys-23/utils/build/rover_utils/rosidl_generator_cpp/rover_utils/action/detail/minimal_walk__struct.hpp:19:10:[m[K [01;31m[Kfatal error: [m[Krover_utils/msg/detail/point32__struct.hpp: No such file or directory
   19 | #include [01;31m[K"rover_utils/msg/detail/point32__struct.hpp"[m[K
      |          [01;31m[K^~~~~~~~~~~~~~~~~~~~~~~~~~~~~~~~~~~~~~~~~~~~[m[K
compilation terminated.
make[2]: *** [CMakeFiles/rover_utils__rosidl_typesupport_cpp.dir/build.make:80: CMakeFiles/rover_utils__rosidl_typesupport_cpp.dir/rosidl_typesupport_cpp/rover_utils/action/minimal_walk__type_support.cpp.o] Error 1
make[1]: *** [CMakeFiles/Makefile2:496: CMakeFiles/rover_utils__rosidl_typesupport_cpp.dir/all] Error 2
make: *** [Makefile:141: all] Error 2
