[0.039s] Invoking command in '/home/ros-vm/github/auton_sys-23/utils/build/rover_utils': /usr/bin/cmake --build /home/ros-vm/github/auton_sys-23/utils/build/rover_utils -- -j2 -l2
[0.077s] -- Found ament_cmake: 0.9.9 (/home/ros-vm/ros2_foxy/ros2-linux/share/ament_cmake/cmake)
[0.102s] -- Found PythonInterp: /usr/bin/python3 (found suitable version "3.8.10", minimum required is "3") 
[0.103s] -- Using PYTHON_EXECUTABLE: /usr/bin/python3
[0.299s] -- Found ament_lint_auto: 0.9.6 (/home/ros-vm/ros2_foxy/ros2-linux/share/ament_lint_auto/cmake)
[0.364s] -- Found rosidl_default_generators: 1.0.1 (/home/ros-vm/ros2_foxy/ros2-linux/share/rosidl_default_generators/cmake)
[0.366s] -- Using all available rosidl_typesupport_c: rosidl_typesupport_connext_c;rosidl_typesupport_fastrtps_c;rosidl_typesupport_introspection_c
[0.370s] -- Found rosidl_adapter: 1.2.1 (/home/ros-vm/ros2_foxy/ros2-linux/share/rosidl_adapter/cmake)
[0.388s] -- Could not find RTI Connext - skipping rosidl_typesupport_connext_c
[0.412s] -- Could not find RTI Connext - skipping rosidl_typesupport_connext_cpp
[0.532s] -- Using all available rosidl_typesupport_cpp: rosidl_typesupport_connext_cpp;rosidl_typesupport_fastrtps_cpp;rosidl_typesupport_introspection_cpp
[0.580s] -- Found PythonInterp: /usr/bin/python3 (found version "3.8.10") 
[0.718s] -- Found ament_cmake_ros: 0.9.2 (/home/ros-vm/ros2_foxy/ros2-linux/share/ament_cmake_ros/cmake)
[0.838s] -- Using all available rosidl_typesupport_c: rosidl_typesupport_connext_c;rosidl_typesupport_fastrtps_c;rosidl_typesupport_introspection_c
[0.862s] -- Using all available rosidl_typesupport_cpp: rosidl_typesupport_connext_cpp;rosidl_typesupport_fastrtps_cpp;rosidl_typesupport_introspection_cpp
[0.888s] -- Found PythonInterp: /usr/bin/python3 (found suitable version "3.8.10", minimum required is "3.5") 
[0.889s] -- Found python_cmake_module: 0.8.1 (/home/ros-vm/ros2_foxy/ros2-linux/share/python_cmake_module/cmake)
[0.918s] -- Using PYTHON_EXECUTABLE: /usr/bin/python3
[0.919s] -- Using PYTHON_INCLUDE_DIRS: /usr/include/python3.8
[0.919s] -- Using PYTHON_LIBRARIES: /usr/lib/x86_64-linux-gnu/libpython3.8.so
[0.947s] -- Added test 'copyright' to check source files copyright and LICENSE
[0.950s] -- Added test 'lint_cmake' to check CMake code style
[0.951s] -- Added test 'xmllint' to check XML markup files
[0.957s] -- Configuring done
[1.021s] -- Generating done
[1.027s] -- Build files have been written to: /home/ros-vm/github/auton_sys-23/utils/build/rover_utils
[1.060s] [  3%] [34m[1mGenerating C code for ROS interfaces[0m
[1.075s] [  6%] [34m[1mGenerating C++ code for ROS interfaces[0m
[1.464s] [35m[1mScanning dependencies of target rover_utils__rosidl_generator_c[0m
[1.477s] [  6%] Built target rover_utils__cpp
[1.483s] [  9%] [32mBuilding C object CMakeFiles/rover_utils__rosidl_generator_c.dir/rosidl_generator_c/rover_utils/action/detail/minimal_walk__functions.c.o[0m
[1.494s] [ 12%] [34m[1mGenerating C++ type support dispatch for ROS interfaces[0m
[1.499s] In file included from [01m[K/home/ros-vm/github/auton_sys-23/utils/build/rover_utils/rosidl_generator_c/rover_utils/action/detail/minimal_walk__functions.h:19[m[K,
[1.500s]                  from [01m[K/home/ros-vm/github/auton_sys-23/utils/build/rover_utils/rosidl_generator_c/rover_utils/action/detail/minimal_walk__functions.c:4[m[K:
[1.500s] [01m[K/home/ros-vm/github/auton_sys-23/utils/build/rover_utils/rosidl_generator_c/rover_utils/action/detail/minimal_walk__struct.h:22:10:[m[K [01;31m[Kfatal error: [m[Krover_utils/msg/detail/point32__struct.h: No such file or directory
[1.500s]    22 | #include [01;31m[K"rover_utils/msg/detail/point32__struct.h"[m[K
[1.500s]       |          [01;31m[K^~~~~~~~~~~~~~~~~~~~~~~~~~~~~~~~~~~~~~~~~~[m[K
[1.500s] compilation terminated.
[1.501s] make[2]: *** [CMakeFiles/rover_utils__rosidl_generator_c.dir/build.make:99: CMakeFiles/rover_utils__rosidl_generator_c.dir/rosidl_generator_c/rover_utils/action/detail/minimal_walk__functions.c.o] Error 1
[1.501s] make[1]: *** [CMakeFiles/Makefile2:267: CMakeFiles/rover_utils__rosidl_generator_c.dir/all] Error 2
[1.501s] make[1]: *** Waiting for unfinished jobs....
[1.745s] [35m[1mScanning dependencies of target rover_utils__rosidl_typesupport_cpp[0m
[1.763s] [ 16%] [32mBuilding CXX object CMakeFiles/rover_utils__rosidl_typesupport_cpp.dir/rosidl_typesupport_cpp/rover_utils/action/minimal_walk__type_support.cpp.o[0m
[1.814s] In file included from [01m[K/home/ros-vm/github/auton_sys-23/utils/build/rover_utils/rosidl_typesupport_cpp/rover_utils/action/minimal_walk__type_support.cpp:7[m[K:
[1.815s] [01m[K/home/ros-vm/github/auton_sys-23/utils/build/rover_utils/rosidl_generator_cpp/rover_utils/action/detail/minimal_walk__struct.hpp:19:10:[m[K [01;31m[Kfatal error: [m[Krover_utils/msg/detail/point32__struct.hpp: No such file or directory
[1.815s]    19 | #include [01;31m[K"rover_utils/msg/detail/point32__struct.hpp"[m[K
[1.815s]       |          [01;31m[K^~~~~~~~~~~~~~~~~~~~~~~~~~~~~~~~~~~~~~~~~~~~[m[K
[1.815s] compilation terminated.
[1.817s] make[2]: *** [CMakeFiles/rover_utils__rosidl_typesupport_cpp.dir/build.make:80: CMakeFiles/rover_utils__rosidl_typesupport_cpp.dir/rosidl_typesupport_cpp/rover_utils/action/minimal_walk__type_support.cpp.o] Error 1
[1.817s] make[1]: *** [CMakeFiles/Makefile2:496: CMakeFiles/rover_utils__rosidl_typesupport_cpp.dir/all] Error 2
[1.817s] make: *** [Makefile:141: all] Error 2
[1.824s] Invoked command in '/home/ros-vm/github/auton_sys-23/utils/build/rover_utils' returned '2': /usr/bin/cmake --build /home/ros-vm/github/auton_sys-23/utils/build/rover_utils -- -j2 -l2
