[0.034s] Invoking command in '/home/ros-vm/github/auton_sys-23/utils/build/rover_utils': /usr/bin/cmake --build /home/ros-vm/github/auton_sys-23/utils/build/rover_utils -- -j2 -l2
[0.077s] -- Found ament_cmake: 0.9.9 (/home/ros-vm/ros2_foxy/ros2-linux/share/ament_cmake/cmake)
[0.100s] -- Found PythonInterp: /usr/bin/python3 (found suitable version "3.8.10", minimum required is "3") 
[0.100s] -- Using PYTHON_EXECUTABLE: /usr/bin/python3
[0.297s] -- Found ament_lint_auto: 0.9.6 (/home/ros-vm/ros2_foxy/ros2-linux/share/ament_lint_auto/cmake)
[0.363s] -- Found rosidl_default_generators: 1.0.1 (/home/ros-vm/ros2_foxy/ros2-linux/share/rosidl_default_generators/cmake)
[0.365s] -- Using all available rosidl_typesupport_c: rosidl_typesupport_connext_c;rosidl_typesupport_fastrtps_c;rosidl_typesupport_introspection_c
[0.368s] -- Found rosidl_adapter: 1.2.1 (/home/ros-vm/ros2_foxy/ros2-linux/share/rosidl_adapter/cmake)
[0.385s] -- Could not find RTI Connext - skipping rosidl_typesupport_connext_c
[0.411s] -- Could not find RTI Connext - skipping rosidl_typesupport_connext_cpp
[0.528s] -- Using all available rosidl_typesupport_cpp: rosidl_typesupport_connext_cpp;rosidl_typesupport_fastrtps_cpp;rosidl_typesupport_introspection_cpp
[0.574s] -- Found PythonInterp: /usr/bin/python3 (found version "3.8.10") 
[0.730s] CMake Error at /home/ros-vm/ros2_foxy/ros2-linux/share/rosidl_adapter/cmake/rosidl_adapt_interfaces.cmake:60 (message):
[0.730s]   execute_process(/usr/bin/python3 -m rosidl_adapter --package-name
[0.730s]   rover_utils --arguments-file
[0.730s]   /home/ros-vm/github/auton_sys-23/utils/build/rover_utils/rosidl_adapter__arguments__rover_utils.json
[0.730s]   --output-dir
[0.730s]   /home/ros-vm/github/auton_sys-23/utils/build/rover_utils/rosidl_adapter/rover_utils
[0.731s]   --output-file
[0.731s]   /home/ros-vm/github/auton_sys-23/utils/build/rover_utils/rosidl_adapter/rover_utils.idls)
[0.731s]   returned error code 1:
[0.731s] 
[0.731s]   Error processing ' float32 x' of 'rover_utils/MinimalWalk_Goal': 'string
[0.731s]   index out of range'
[0.731s] 
[0.731s]   Traceback (most recent call last):
[0.731s] 
[0.731s]     File "/usr/lib/python3.8/runpy.py", line 194, in _run_module_as_main
[0.731s]       return _run_code(code, main_globals, None,
[0.731s]     File "/usr/lib/python3.8/runpy.py", line 87, in _run_code
[0.731s]       exec(code, run_globals)
[0.731s]     File "/home/ros-vm/ros2_foxy/ros2-linux/lib/python3.8/site-packages/rosidl_adapter/__main__.py", line 19, in <module>
[0.731s]       sys.exit(main())
[0.731s]     File "/home/ros-vm/ros2_foxy/ros2-linux/lib/python3.8/site-packages/rosidl_adapter/main.py", line 53, in main
[0.731s]       abs_idl_file = convert_to_idl(
[0.732s]     File "/home/ros-vm/ros2_foxy/ros2-linux/lib/python3.8/site-packages/rosidl_adapter/__init__.py", line 29, in convert_to_idl
[0.732s]       return convert_action_to_idl(
[0.732s]     File "/home/ros-vm/ros2_foxy/ros2-linux/lib/python3.8/site-packages/rosidl_adapter/action/__init__.py", line 28, in convert_action_to_idl
[0.732s]       action = parse_action_string(package_name, input_file.stem, content)
[0.732s]     File "/home/ros-vm/ros2_foxy/ros2-linux/lib/python3.8/site-packages/rosidl_adapter/parser.py", line 892, in parse_action_string
[0.732s]       goal_message = parse_message_string(
[0.732s]     File "/home/ros-vm/ros2_foxy/ros2-linux/lib/python3.8/site-packages/rosidl_adapter/parser.py", line 516, in parse_message_string
[0.732s]       Type(type_string, context_package_name=pkg_name),
[0.732s]     File "/home/ros-vm/ros2_foxy/ros2-linux/lib/python3.8/site-packages/rosidl_adapter/parser.py", line 240, in __init__
[0.732s]       self.is_array = type_string[-1] == ']'
[0.732s] 
[0.732s]   IndexError: string index out of range
[0.732s] 
[0.733s] Call Stack (most recent call first):
[0.733s]   /home/ros-vm/ros2_foxy/ros2-linux/share/rosidl_cmake/cmake/rosidl_generate_interfaces.cmake:130 (rosidl_adapt_interfaces)
[0.733s]   CMakeLists.txt:37 (rosidl_generate_interfaces)
[0.733s] 
[0.733s] 
[0.733s] -- Configuring incomplete, errors occurred!
[0.733s] See also "/home/ros-vm/github/auton_sys-23/utils/build/rover_utils/CMakeFiles/CMakeOutput.log".
[0.738s] make: *** [Makefile:748: cmake_check_build_system] Error 1
[0.739s] Invoked command in '/home/ros-vm/github/auton_sys-23/utils/build/rover_utils' returned '2': /usr/bin/cmake --build /home/ros-vm/github/auton_sys-23/utils/build/rover_utils -- -j2 -l2
