[0.037s] Invoking command in '/home/ros-vm/github/auton_sys-23/utils/build/rover_utils': /usr/bin/cmake --build /home/ros-vm/github/auton_sys-23/utils/build/rover_utils -- -j2 -l2
[0.122s] -- Found ament_cmake: 0.9.9 (/home/ros-vm/ros2_foxy/ros2-linux/share/ament_cmake/cmake)
[0.148s] -- Found PythonInterp: /usr/bin/python3 (found suitable version "3.8.10", minimum required is "3") 
[0.148s] -- Using PYTHON_EXECUTABLE: /usr/bin/python3
[0.351s] -- Found ament_lint_auto: 0.9.6 (/home/ros-vm/ros2_foxy/ros2-linux/share/ament_lint_auto/cmake)
[0.423s] -- Found rosidl_default_generators: 1.0.1 (/home/ros-vm/ros2_foxy/ros2-linux/share/rosidl_default_generators/cmake)
[0.425s] -- Using all available rosidl_typesupport_c: rosidl_typesupport_connext_c;rosidl_typesupport_fastrtps_c;rosidl_typesupport_introspection_c
[0.430s] -- Found rosidl_adapter: 1.2.1 (/home/ros-vm/ros2_foxy/ros2-linux/share/rosidl_adapter/cmake)
[0.449s] -- Could not find RTI Connext - skipping rosidl_typesupport_connext_c
[0.470s] -- Could not find RTI Connext - skipping rosidl_typesupport_connext_cpp
[0.595s] -- Using all available rosidl_typesupport_cpp: rosidl_typesupport_connext_cpp;rosidl_typesupport_fastrtps_cpp;rosidl_typesupport_introspection_cpp
[0.648s] -- Found PythonInterp: /usr/bin/python3 (found version "3.8.10") 
[0.796s] CMake Error at /home/ros-vm/ros2_foxy/ros2-linux/share/rosidl_adapter/cmake/rosidl_adapt_interfaces.cmake:60 (message):
[0.796s]   execute_process(/usr/bin/python3 -m rosidl_adapter --package-name
[0.796s]   rover_utils --arguments-file
[0.797s]   /home/ros-vm/github/auton_sys-23/utils/build/rover_utils/rosidl_adapter__arguments__rover_utils.json
[0.797s]   --output-dir
[0.797s]   /home/ros-vm/github/auton_sys-23/utils/build/rover_utils/rosidl_adapter/rover_utils
[0.797s]   --output-file
[0.797s]   /home/ros-vm/github/auton_sys-23/utils/build/rover_utils/rosidl_adapter/rover_utils.idls)
[0.797s]   returned error code 1:
[0.797s] 
[0.797s]   Error processing 'geometry_msgs/msg/Point32 position' of
[0.797s]   'rover_utils/MinimalWalk_Goal': 'geometry_msgs/msg/Point32'
[0.798s] 
[0.798s]   Traceback (most recent call last):
[0.798s] 
[0.798s]     File "/usr/lib/python3.8/runpy.py", line 194, in _run_module_as_main
[0.798s]       return _run_code(code, main_globals, None,
[0.798s]     File "/usr/lib/python3.8/runpy.py", line 87, in _run_code
[0.798s]       exec(code, run_globals)
[0.798s]     File "/home/ros-vm/ros2_foxy/ros2-linux/lib/python3.8/site-packages/rosidl_adapter/__main__.py", line 19, in <module>
[0.798s]       sys.exit(main())
[0.799s]     File "/home/ros-vm/ros2_foxy/ros2-linux/lib/python3.8/site-packages/rosidl_adapter/main.py", line 53, in main
[0.799s]       abs_idl_file = convert_to_idl(
[0.799s]     File "/home/ros-vm/ros2_foxy/ros2-linux/lib/python3.8/site-packages/rosidl_adapter/__init__.py", line 29, in convert_to_idl
[0.799s]       return convert_action_to_idl(
[0.799s]     File "/home/ros-vm/ros2_foxy/ros2-linux/lib/python3.8/site-packages/rosidl_adapter/action/__init__.py", line 28, in convert_action_to_idl
[0.799s]       action = parse_action_string(package_name, input_file.stem, content)
[0.799s]     File "/home/ros-vm/ros2_foxy/ros2-linux/lib/python3.8/site-packages/rosidl_adapter/parser.py", line 892, in parse_action_string
[0.799s]       goal_message = parse_message_string(
[0.799s]     File "/home/ros-vm/ros2_foxy/ros2-linux/lib/python3.8/site-packages/rosidl_adapter/parser.py", line 516, in parse_message_string
[0.799s]       Type(type_string, context_package_name=pkg_name),
[0.800s]     File "/home/ros-vm/ros2_foxy/ros2-linux/lib/python3.8/site-packages/rosidl_adapter/parser.py", line 276, in __init__
[0.800s]       super(Type, self).__init__(
[0.800s]     File "/home/ros-vm/ros2_foxy/ros2-linux/lib/python3.8/site-packages/rosidl_adapter/parser.py", line 189, in __init__
[0.800s]       raise InvalidResourceName(type_string)
[0.800s] 
[0.800s]   rosidl_adapter.parser.InvalidResourceName: geometry_msgs/msg/Point32
[0.800s] 
[0.800s] Call Stack (most recent call first):
[0.801s]   /home/ros-vm/ros2_foxy/ros2-linux/share/rosidl_cmake/cmake/rosidl_generate_interfaces.cmake:130 (rosidl_adapt_interfaces)
[0.801s]   CMakeLists.txt:37 (rosidl_generate_interfaces)
[0.801s] 
[0.801s] 
[0.804s] -- Configuring incomplete, errors occurred!
[0.804s] See also "/home/ros-vm/github/auton_sys-23/utils/build/rover_utils/CMakeFiles/CMakeOutput.log".
[0.814s] make: *** [Makefile:748: cmake_check_build_system] Error 1
[0.817s] Invoked command in '/home/ros-vm/github/auton_sys-23/utils/build/rover_utils' returned '2': /usr/bin/cmake --build /home/ros-vm/github/auton_sys-23/utils/build/rover_utils -- -j2 -l2
