In file included from [01m[K/home/ros-vm/github/auton_sys-23/utils/build/rover_utils/rosidl_generator_c/rover_utils/msg/detail/test_msg__functions.h:19[m[K,
                 from [01m[K/home/ros-vm/github/auton_sys-23/utils/build/rover_utils/rosidl_generator_c/rover_utils/msg/detail/test_msg__functions.c:4[m[K:
[01m[K/home/ros-vm/github/auton_sys-23/utils/build/rover_utils/rosidl_generator_c/rover_utils/msg/detail/test_msg__struct.h:22:10:[m[K [01;31m[Kfatal error: [m[Kgeometry_msg/msg/detail/point__struct.h: No such file or directory
   22 | #include [01;31m[K"geometry_msg/msg/detail/point__struct.h"[m[K
      |          [01;31m[K^~~~~~~~~~~~~~~~~~~~~~~~~~~~~~~~~~~~~~~~~[m[K
compilation terminated.
make[2]: *** [CMakeFiles/rover_utils__rosidl_generator_c.dir/build.make:187: CMakeFiles/rover_utils__rosidl_generator_c.dir/rosidl_generator_c/rover_utils/msg/detail/test_msg__functions.c.o] Error 1
make[2]: *** Waiting for unfinished jobs....
make[1]: *** [CMakeFiles/Makefile2:267: CMakeFiles/rover_utils__rosidl_generator_c.dir/all] Error 2
make[1]: *** Waiting for unfinished jobs....
In file included from [01m[K/home/ros-vm/github/auton_sys-23/utils/build/rover_utils/rosidl_typesupport_cpp/rover_utils/msg/test_msg__type_support.cpp:7[m[K:
[01m[K/home/ros-vm/github/auton_sys-23/utils/build/rover_utils/rosidl_generator_cpp/rover_utils/msg/detail/test_msg__struct.hpp:19:10:[m[K [01;31m[Kfatal error: [m[Kgeometry_msg/msg/detail/point__struct.hpp: No such file or directory
   19 | #include [01;31m[K"geometry_msg/msg/detail/point__struct.hpp"[m[K
      |          [01;31m[K^~~~~~~~~~~~~~~~~~~~~~~~~~~~~~~~~~~~~~~~~~~[m[K
compilation terminated.
make[2]: *** [CMakeFiles/rover_utils__rosidl_typesupport_cpp.dir/build.make:156: CMakeFiles/rover_utils__rosidl_typesupport_cpp.dir/rosidl_typesupport_cpp/rover_utils/msg/test_msg__type_support.cpp.o] Error 1
make[2]: *** Waiting for unfinished jobs....
make[1]: *** [CMakeFiles/Makefile2:496: CMakeFiles/rover_utils__rosidl_typesupport_cpp.dir/all] Error 2
make: *** [Makefile:141: all] Error 2
