[0.036s] Invoking command in '/home/ros-vm/github/auton_sys-23/utils/build/rover_utils': /usr/bin/cmake --build /home/ros-vm/github/auton_sys-23/utils/build/rover_utils -- -j2 -l2
[0.082s] -- Found ament_cmake: 0.9.9 (/home/ros-vm/ros2_foxy/ros2-linux/share/ament_cmake/cmake)
[0.117s] -- Found PythonInterp: /usr/bin/python3 (found suitable version "3.8.10", minimum required is "3") 
[0.117s] -- Using PYTHON_EXECUTABLE: /usr/bin/python3
[0.335s] -- Found ament_lint_auto: 0.9.6 (/home/ros-vm/ros2_foxy/ros2-linux/share/ament_lint_auto/cmake)
[0.406s] -- Found rosidl_default_generators: 1.0.1 (/home/ros-vm/ros2_foxy/ros2-linux/share/rosidl_default_generators/cmake)
[0.409s] -- Using all available rosidl_typesupport_c: rosidl_typesupport_connext_c;rosidl_typesupport_fastrtps_c;rosidl_typesupport_introspection_c
[0.414s] -- Found rosidl_adapter: 1.2.1 (/home/ros-vm/ros2_foxy/ros2-linux/share/rosidl_adapter/cmake)
[0.434s] -- Could not find RTI Connext - skipping rosidl_typesupport_connext_c
[0.458s] -- Could not find RTI Connext - skipping rosidl_typesupport_connext_cpp
[0.581s] -- Using all available rosidl_typesupport_cpp: rosidl_typesupport_connext_cpp;rosidl_typesupport_fastrtps_cpp;rosidl_typesupport_introspection_cpp
[0.607s] -- Found geometry_msgs: 2.0.5 (/home/ros-vm/ros2_foxy/ros2-linux/share/geometry_msgs/cmake)
[0.740s] -- Found PythonInterp: /usr/bin/python3 (found version "3.8.10") 
[0.975s] -- Found ament_cmake_ros: 0.9.2 (/home/ros-vm/ros2_foxy/ros2-linux/share/ament_cmake_ros/cmake)
[1.293s] -- Using all available rosidl_typesupport_c: rosidl_typesupport_connext_c;rosidl_typesupport_fastrtps_c;rosidl_typesupport_introspection_c
[1.450s] -- Using all available rosidl_typesupport_cpp: rosidl_typesupport_connext_cpp;rosidl_typesupport_fastrtps_cpp;rosidl_typesupport_introspection_cpp
[1.488s] -- Found PythonInterp: /usr/bin/python3 (found suitable version "3.8.10", minimum required is "3.5") 
[1.488s] -- Found python_cmake_module: 0.8.1 (/home/ros-vm/ros2_foxy/ros2-linux/share/python_cmake_module/cmake)
[1.522s] -- Using PYTHON_EXECUTABLE: /usr/bin/python3
[1.522s] -- Using PYTHON_INCLUDE_DIRS: /usr/include/python3.8
[1.522s] -- Using PYTHON_LIBRARIES: /usr/lib/x86_64-linux-gnu/libpython3.8.so
[1.627s] -- Added test 'copyright' to check source files copyright and LICENSE
[1.630s] -- Added test 'lint_cmake' to check CMake code style
[1.634s] -- Added test 'xmllint' to check XML markup files
[1.648s] -- Configuring done
[1.758s] -- Generating done
[1.765s] -- Build files have been written to: /home/ros-vm/github/auton_sys-23/utils/build/rover_utils
[1.821s] [  2%] [34m[1mGenerating C code for ROS interfaces[0m
[1.829s] [35m[1mScanning dependencies of target rover_utils__cpp[0m
[1.884s] [  5%] [34m[1mGenerating C++ code for ROS interfaces[0m
[2.905s] [35m[1mScanning dependencies of target rover_utils__rosidl_generator_c[0m
[2.955s] [  7%] [32mBuilding C object CMakeFiles/rover_utils__rosidl_generator_c.dir/rosidl_generator_c/rover_utils/action/detail/minimal_walk__functions.c.o[0m
[3.007s] [  7%] Built target rover_utils__cpp
[3.045s] [ 10%] [32mBuilding C object CMakeFiles/rover_utils__rosidl_generator_c.dir/rosidl_generator_c/rover_utils/msg/detail/test_msg__functions.c.o[0m
[3.066s] In file included from [01m[K/home/ros-vm/github/auton_sys-23/utils/build/rover_utils/rosidl_generator_c/rover_utils/msg/detail/test_msg__functions.h:19[m[K,
[3.066s]                  from [01m[K/home/ros-vm/github/auton_sys-23/utils/build/rover_utils/rosidl_generator_c/rover_utils/msg/detail/test_msg__functions.c:4[m[K:
[3.066s] [01m[K/home/ros-vm/github/auton_sys-23/utils/build/rover_utils/rosidl_generator_c/rover_utils/msg/detail/test_msg__struct.h:22:10:[m[K [01;31m[Kfatal error: [m[Kgeometry_msg/msg/detail/point__struct.h: No such file or directory
[3.067s]    22 | #include [01;31m[K"geometry_msg/msg/detail/point__struct.h"[m[K
[3.067s]       |          [01;31m[K^~~~~~~~~~~~~~~~~~~~~~~~~~~~~~~~~~~~~~~~~[m[K
[3.071s] compilation terminated.
[3.071s] make[2]: *** [CMakeFiles/rover_utils__rosidl_generator_c.dir/build.make:187: CMakeFiles/rover_utils__rosidl_generator_c.dir/rosidl_generator_c/rover_utils/msg/detail/test_msg__functions.c.o] Error 1
[3.071s] make[2]: *** Waiting for unfinished jobs....
[3.105s] [ 12%] [34m[1mGenerating C++ type support dispatch for ROS interfaces[0m
[3.112s] make[1]: *** [CMakeFiles/Makefile2:267: CMakeFiles/rover_utils__rosidl_generator_c.dir/all] Error 2
[3.112s] make[1]: *** Waiting for unfinished jobs....
[3.502s] [35m[1mScanning dependencies of target rover_utils__rosidl_typesupport_cpp[0m
[3.545s] [ 15%] [32mBuilding CXX object CMakeFiles/rover_utils__rosidl_typesupport_cpp.dir/rosidl_typesupport_cpp/rover_utils/msg/test_msg__type_support.cpp.o[0m
[3.546s] [ 17%] [32mBuilding CXX object CMakeFiles/rover_utils__rosidl_typesupport_cpp.dir/rosidl_typesupport_cpp/rover_utils/action/minimal_walk__type_support.cpp.o[0m
[3.732s] In file included from [01m[K/home/ros-vm/github/auton_sys-23/utils/build/rover_utils/rosidl_typesupport_cpp/rover_utils/msg/test_msg__type_support.cpp:7[m[K:
[3.733s] [01m[K/home/ros-vm/github/auton_sys-23/utils/build/rover_utils/rosidl_generator_cpp/rover_utils/msg/detail/test_msg__struct.hpp:19:10:[m[K [01;31m[Kfatal error: [m[Kgeometry_msg/msg/detail/point__struct.hpp: No such file or directory
[3.733s]    19 | #include [01;31m[K"geometry_msg/msg/detail/point__struct.hpp"[m[K
[3.733s]       |          [01;31m[K^~~~~~~~~~~~~~~~~~~~~~~~~~~~~~~~~~~~~~~~~~~[m[K
[3.733s] compilation terminated.
[3.739s] make[2]: *** [CMakeFiles/rover_utils__rosidl_typesupport_cpp.dir/build.make:156: CMakeFiles/rover_utils__rosidl_typesupport_cpp.dir/rosidl_typesupport_cpp/rover_utils/msg/test_msg__type_support.cpp.o] Error 1
[3.739s] make[2]: *** Waiting for unfinished jobs....
[4.061s] make[1]: *** [CMakeFiles/Makefile2:496: CMakeFiles/rover_utils__rosidl_typesupport_cpp.dir/all] Error 2
[4.061s] make: *** [Makefile:141: all] Error 2
[4.065s] Invoked command in '/home/ros-vm/github/auton_sys-23/utils/build/rover_utils' returned '2': /usr/bin/cmake --build /home/ros-vm/github/auton_sys-23/utils/build/rover_utils -- -j2 -l2
