[0.036s] Invoking command in '/home/ros-vm/github/auton_sys-23/utils/build/rover_utils': /usr/bin/cmake --build /home/ros-vm/github/auton_sys-23/utils/build/rover_utils -- -j2 -l2
[0.077s] -- Found ament_cmake: 0.9.9 (/home/ros-vm/ros2_foxy/ros2-linux/share/ament_cmake/cmake)
[0.110s] -- Found PythonInterp: /usr/bin/python3 (found suitable version "3.8.10", minimum required is "3") 
[0.110s] -- Using PYTHON_EXECUTABLE: /usr/bin/python3
[0.358s] -- Found ament_lint_auto: 0.9.6 (/home/ros-vm/ros2_foxy/ros2-linux/share/ament_lint_auto/cmake)
[0.478s] -- Found rosidl_default_generators: 1.0.1 (/home/ros-vm/ros2_foxy/ros2-linux/share/rosidl_default_generators/cmake)
[0.481s] -- Using all available rosidl_typesupport_c: rosidl_typesupport_connext_c;rosidl_typesupport_fastrtps_c;rosidl_typesupport_introspection_c
[0.487s] -- Found rosidl_adapter: 1.2.1 (/home/ros-vm/ros2_foxy/ros2-linux/share/rosidl_adapter/cmake)
[0.520s] -- Could not find RTI Connext - skipping rosidl_typesupport_connext_c
[0.559s] -- Could not find RTI Connext - skipping rosidl_typesupport_connext_cpp
[0.724s] -- Using all available rosidl_typesupport_cpp: rosidl_typesupport_connext_cpp;rosidl_typesupport_fastrtps_cpp;rosidl_typesupport_introspection_cpp
[0.759s] -- Found geometry_msgs: 2.0.5 (/home/ros-vm/ros2_foxy/ros2-linux/share/geometry_msgs/cmake)
[0.872s] -- Found PythonInterp: /usr/bin/python3 (found version "3.8.10") 
[1.068s] CMake Error at /home/ros-vm/ros2_foxy/ros2-linux/share/rosidl_adapter/cmake/rosidl_adapt_interfaces.cmake:60 (message):
[1.068s]   execute_process(/usr/bin/python3 -m rosidl_adapter --package-name
[1.068s]   rover_utils --arguments-file
[1.068s]   /home/ros-vm/github/auton_sys-23/utils/build/rover_utils/rosidl_adapter__arguments__rover_utils.json
[1.068s]   --output-dir
[1.068s]   /home/ros-vm/github/auton_sys-23/utils/build/rover_utils/rosidl_adapter/rover_utils
[1.068s]   --output-file
[1.068s]   /home/ros-vm/github/auton_sys-23/utils/build/rover_utils/rosidl_adapter/rover_utils.idls)
[1.069s]   returned error code 1:
[1.069s] 
[1.069s]   Traceback (most recent call last):
[1.069s] 
[1.069s]     File "/usr/lib/python3.8/runpy.py", line 194, in _run_module_as_main
[1.069s]       return _run_code(code, main_globals, None,
[1.069s]     File "/usr/lib/python3.8/runpy.py", line 87, in _run_code
[1.069s]       exec(code, run_globals)
[1.069s]     File "/home/ros-vm/ros2_foxy/ros2-linux/lib/python3.8/site-packages/rosidl_adapter/__main__.py", line 19, in <module>
[1.069s]       sys.exit(main())
[1.069s]     File "/home/ros-vm/ros2_foxy/ros2-linux/lib/python3.8/site-packages/rosidl_adapter/main.py", line 53, in main
[1.069s]       abs_idl_file = convert_to_idl(
[1.069s]     File "/home/ros-vm/ros2_foxy/ros2-linux/lib/python3.8/site-packages/rosidl_adapter/__init__.py", line 19, in convert_to_idl
[1.070s]       return convert_msg_to_idl(
[1.070s]     File "/home/ros-vm/ros2_foxy/ros2-linux/lib/python3.8/site-packages/rosidl_adapter/msg/__init__.py", line 28, in convert_msg_to_idl
[1.070s]       msg = parse_message_string(package_name, input_file.stem, content)
[1.070s]     File "/home/ros-vm/ros2_foxy/ros2-linux/lib/python3.8/site-packages/rosidl_adapter/parser.py", line 540, in parse_message_string
[1.070s]       msg = MessageSpecification(pkg_name, msg_name, fields, constants)
[1.070s]     File "/home/ros-vm/ros2_foxy/ros2-linux/lib/python3.8/site-packages/rosidl_adapter/parser.py", line 387, in __init__
[1.070s]       self.base_type = BaseType(
[1.070s]     File "/home/ros-vm/ros2_foxy/ros2-linux/lib/python3.8/site-packages/rosidl_adapter/parser.py", line 204, in __init__
[1.070s]       raise InvalidResourceName(
[1.070s] 
[1.070s]   rosidl_adapter.parser.InvalidResourceName: 'tank_drive' is an invalid
[1.070s]   message name.  It should have the pattern '^[A-Z][A-Za-z0-9]*$'
[1.070s] 
[1.070s] Call Stack (most recent call first):
[1.070s]   /home/ros-vm/ros2_foxy/ros2-linux/share/rosidl_cmake/cmake/rosidl_generate_interfaces.cmake:130 (rosidl_adapt_interfaces)
[1.070s]   CMakeLists.txt:38 (rosidl_generate_interfaces)
[1.071s] 
[1.071s] 
[1.073s] -- Configuring incomplete, errors occurred!
[1.073s] See also "/home/ros-vm/github/auton_sys-23/utils/build/rover_utils/CMakeFiles/CMakeOutput.log".
[1.081s] make: *** [Makefile:988: cmake_check_build_system] Error 1
[1.083s] Invoked command in '/home/ros-vm/github/auton_sys-23/utils/build/rover_utils' returned '2': /usr/bin/cmake --build /home/ros-vm/github/auton_sys-23/utils/build/rover_utils -- -j2 -l2
