[0.000000] (-) TimerEvent: {}
[0.001768] (rover_utils) JobQueued: {'identifier': 'rover_utils', 'dependencies': OrderedDict()}
[0.001802] (rover_utils) JobStarted: {'identifier': 'rover_utils'}
[0.027636] (rover_utils) JobProgress: {'identifier': 'rover_utils', 'progress': 'cmake'}
[0.028830] (rover_utils) JobProgress: {'identifier': 'rover_utils', 'progress': 'build'}
[0.031072] (rover_utils) Command: {'cmd': ['/usr/bin/cmake', '--build', '/home/ros-vm/github/auton_sys-23/utils/build/rover_utils', '--', '-j2', '-l2'], 'cwd': '/home/ros-vm/github/auton_sys-23/utils/build/rover_utils', 'env': OrderedDict([('LESSOPEN', '| /usr/bin/lesspipe %s'), ('LANGUAGE', 'en_CA:en'), ('USER', 'ros-vm'), ('SSH_CLIENT', '10.0.0.220 59077 22'), ('XDG_SESSION_TYPE', 'tty'), ('GIT_ASKPASS', '/home/ros-vm/.vscode-server/bin/6d9b74a70ca9c7733b29f0456fd8195364076dda/extensions/git/dist/askpass.sh'), ('SHLVL', '1'), ('LD_LIBRARY_PATH', '/home/ros-vm/github/auton_sys-23/utils/install/rover_utils/lib:/home/ros-vm/ros2_foxy/ros2-linux/opt/yaml_cpp_vendor/lib:/home/ros-vm/ros2_foxy/ros2-linux/opt/rviz_ogre_vendor/lib:/home/ros-vm/ros2_foxy/ros2-linux/lib'), ('BROWSER', '/home/ros-vm/.vscode-server/bin/6d9b74a70ca9c7733b29f0456fd8195364076dda/bin/helpers/browser.sh'), ('MOTD_SHOWN', 'pam'), ('HOME', '/home/ros-vm'), ('OLDPWD', '/home/ros-vm/github/auton_sys-23'), ('TERM_PROGRAM_VERSION', '1.70.1'), ('VSCODE_IPC_HOOK_CLI', '/run/user/1000/vscode-ipc-69245f8b-caea-409e-9ea8-83092b446763.sock'), ('ROS_PYTHON_VERSION', '3'), ('VSCODE_GIT_ASKPASS_MAIN', '/home/ros-vm/.vscode-server/bin/6d9b74a70ca9c7733b29f0456fd8195364076dda/extensions/git/dist/askpass-main.js'), ('VSCODE_GIT_ASKPASS_NODE', '/home/ros-vm/.vscode-server/bin/6d9b74a70ca9c7733b29f0456fd8195364076dda/node'), ('DBUS_SESSION_BUS_ADDRESS', 'unix:path=/run/user/1000/bus'), ('COLORTERM', 'truecolor'), ('COLCON_PREFIX_PATH', '/home/ros-vm/github/auton_sys-23/utils/install:/home/ros-vm/ros2_foxy/ros2-linux'), ('ROS_DISTRO', 'foxy'), ('LOGNAME', 'ros-vm'), ('_', '/usr/bin/colcon'), ('ROS_VERSION', '2'), ('PKG_CONFIG_PATH', '/home/ros-vm/ros2_foxy/ros2-linux/lib/x86_64-linux-gnu/pkgconfig:/home/ros-vm/ros2_foxy/ros2-linux/lib/pkgconfig'), ('XDG_SESSION_CLASS', 'user'), ('TERM', 'xterm-256color'), ('XDG_SESSION_ID', '3'), ('ROS_LOCALHOST_ONLY', '0'), ('PATH', '/home/ros-vm/.vscode-server/bin/6d9b74a70ca9c7733b29f0456fd8195364076dda/bin/remote-cli:/home/ros-vm/.local/bin:/home/ros-vm/ros2_foxy/ros2-linux/bin:/usr/local/sbin:/usr/local/bin:/usr/sbin:/usr/bin:/sbin:/bin:/usr/games:/usr/local/games:/snap/bin'), ('XDG_RUNTIME_DIR', '/run/user/1000'), ('LANG', 'en_CA.UTF-8'), ('LS_COLORS', 'rs=0:di=01;34:ln=01;36:mh=00:pi=40;33:so=01;35:do=01;35:bd=40;33;01:cd=40;33;01:or=40;31;01:mi=00:su=37;41:sg=30;43:ca=30;41:tw=30;42:ow=34;42:st=37;44:ex=01;32:*.tar=01;31:*.tgz=01;31:*.arc=01;31:*.arj=01;31:*.taz=01;31:*.lha=01;31:*.lz4=01;31:*.lzh=01;31:*.lzma=01;31:*.tlz=01;31:*.txz=01;31:*.tzo=01;31:*.t7z=01;31:*.zip=01;31:*.z=01;31:*.dz=01;31:*.gz=01;31:*.lrz=01;31:*.lz=01;31:*.lzo=01;31:*.xz=01;31:*.zst=01;31:*.tzst=01;31:*.bz2=01;31:*.bz=01;31:*.tbz=01;31:*.tbz2=01;31:*.tz=01;31:*.deb=01;31:*.rpm=01;31:*.jar=01;31:*.war=01;31:*.ear=01;31:*.sar=01;31:*.rar=01;31:*.alz=01;31:*.ace=01;31:*.zoo=01;31:*.cpio=01;31:*.7z=01;31:*.rz=01;31:*.cab=01;31:*.wim=01;31:*.swm=01;31:*.dwm=01;31:*.esd=01;31:*.jpg=01;35:*.jpeg=01;35:*.mjpg=01;35:*.mjpeg=01;35:*.gif=01;35:*.bmp=01;35:*.pbm=01;35:*.pgm=01;35:*.ppm=01;35:*.tga=01;35:*.xbm=01;35:*.xpm=01;35:*.tif=01;35:*.tiff=01;35:*.png=01;35:*.svg=01;35:*.svgz=01;35:*.mng=01;35:*.pcx=01;35:*.mov=01;35:*.mpg=01;35:*.mpeg=01;35:*.m2v=01;35:*.mkv=01;35:*.webm=01;35:*.ogm=01;35:*.mp4=01;35:*.m4v=01;35:*.mp4v=01;35:*.vob=01;35:*.qt=01;35:*.nuv=01;35:*.wmv=01;35:*.asf=01;35:*.rm=01;35:*.rmvb=01;35:*.flc=01;35:*.avi=01;35:*.fli=01;35:*.flv=01;35:*.gl=01;35:*.dl=01;35:*.xcf=01;35:*.xwd=01;35:*.yuv=01;35:*.cgm=01;35:*.emf=01;35:*.ogv=01;35:*.ogx=01;35:*.aac=00;36:*.au=00;36:*.flac=00;36:*.m4a=00;36:*.mid=00;36:*.midi=00;36:*.mka=00;36:*.mp3=00;36:*.mpc=00;36:*.ogg=00;36:*.ra=00;36:*.wav=00;36:*.oga=00;36:*.opus=00;36:*.spx=00;36:*.xspf=00;36:'), ('VSCODE_GIT_IPC_HANDLE', '/run/user/1000/vscode-git-a8911bcff6.sock'), ('TERM_PROGRAM', 'vscode'), ('AMENT_PREFIX_PATH', '/home/ros-vm/github/auton_sys-23/utils/install/rover_utils:/home/ros-vm/ros2_foxy/ros2-linux'), ('SHELL', '/bin/bash'), ('LESSCLOSE', '/usr/bin/lesspipe %s %s'), ('VSCODE_GIT_ASKPASS_EXTRA_ARGS', ''), ('PWD', '/home/ros-vm/github/auton_sys-23/utils/build/rover_utils'), ('SSH_CONNECTION', '10.0.0.220 59077 10.0.0.52 22'), ('XDG_DATA_DIRS', '/usr/local/share:/usr/share:/var/lib/snapd/desktop'), ('PYTHONPATH', '/home/ros-vm/github/auton_sys-23/utils/install/rover_utils/lib/python3.8/site-packages:/home/ros-vm/ros2_foxy/ros2-linux/lib/python3.8/site-packages'), ('COLCON', '1'), ('CMAKE_PREFIX_PATH', '/home/ros-vm/github/auton_sys-23/utils/install/rover_utils:/home/ros-vm/ros2_foxy/ros2-linux')]), 'shell': False}
[0.078594] (rover_utils) StdoutLine: {'line': b'-- Found ament_cmake: 0.9.9 (/home/ros-vm/ros2_foxy/ros2-linux/share/ament_cmake/cmake)\n'}
[0.099690] (-) TimerEvent: {}
[0.103891] (rover_utils) StdoutLine: {'line': b'-- Found PythonInterp: /usr/bin/python3 (found suitable version "3.8.10", minimum required is "3") \n'}
[0.104328] (rover_utils) StdoutLine: {'line': b'-- Using PYTHON_EXECUTABLE: /usr/bin/python3\n'}
[0.199896] (-) TimerEvent: {}
[0.300252] (-) TimerEvent: {}
[0.300807] (rover_utils) StdoutLine: {'line': b'-- Found ament_lint_auto: 0.9.6 (/home/ros-vm/ros2_foxy/ros2-linux/share/ament_lint_auto/cmake)\n'}
[0.365825] (rover_utils) StdoutLine: {'line': b'-- Found rosidl_default_generators: 1.0.1 (/home/ros-vm/ros2_foxy/ros2-linux/share/rosidl_default_generators/cmake)\n'}
[0.367926] (rover_utils) StdoutLine: {'line': b'-- Using all available rosidl_typesupport_c: rosidl_typesupport_connext_c;rosidl_typesupport_fastrtps_c;rosidl_typesupport_introspection_c\n'}
[0.371360] (rover_utils) StdoutLine: {'line': b'-- Found rosidl_adapter: 1.2.1 (/home/ros-vm/ros2_foxy/ros2-linux/share/rosidl_adapter/cmake)\n'}
[0.389931] (rover_utils) StdoutLine: {'line': b'-- Could not find RTI Connext - skipping rosidl_typesupport_connext_c\n'}
[0.400369] (-) TimerEvent: {}
[0.413611] (rover_utils) StdoutLine: {'line': b'-- Could not find RTI Connext - skipping rosidl_typesupport_connext_cpp\n'}
[0.500491] (-) TimerEvent: {}
[0.533832] (rover_utils) StdoutLine: {'line': b'-- Using all available rosidl_typesupport_cpp: rosidl_typesupport_connext_cpp;rosidl_typesupport_fastrtps_cpp;rosidl_typesupport_introspection_cpp\n'}
[0.581336] (rover_utils) StdoutLine: {'line': b'-- Found PythonInterp: /usr/bin/python3 (found version "3.8.10") \n'}
[0.600607] (-) TimerEvent: {}
[0.700889] (-) TimerEvent: {}
[0.719649] (rover_utils) StdoutLine: {'line': b'-- Found ament_cmake_ros: 0.9.2 (/home/ros-vm/ros2_foxy/ros2-linux/share/ament_cmake_ros/cmake)\n'}
[0.801001] (-) TimerEvent: {}
[0.839639] (rover_utils) StdoutLine: {'line': b'-- Using all available rosidl_typesupport_c: rosidl_typesupport_connext_c;rosidl_typesupport_fastrtps_c;rosidl_typesupport_introspection_c\n'}
[0.863704] (rover_utils) StdoutLine: {'line': b'-- Using all available rosidl_typesupport_cpp: rosidl_typesupport_connext_cpp;rosidl_typesupport_fastrtps_cpp;rosidl_typesupport_introspection_cpp\n'}
[0.889645] (rover_utils) StdoutLine: {'line': b'-- Found PythonInterp: /usr/bin/python3 (found suitable version "3.8.10", minimum required is "3.5") \n'}
[0.890308] (rover_utils) StdoutLine: {'line': b'-- Found python_cmake_module: 0.8.1 (/home/ros-vm/ros2_foxy/ros2-linux/share/python_cmake_module/cmake)\n'}
[0.901193] (-) TimerEvent: {}
[0.920091] (rover_utils) StdoutLine: {'line': b'-- Using PYTHON_EXECUTABLE: /usr/bin/python3\n'}
[0.920316] (rover_utils) StdoutLine: {'line': b'-- Using PYTHON_INCLUDE_DIRS: /usr/include/python3.8\n'}
[0.920387] (rover_utils) StdoutLine: {'line': b'-- Using PYTHON_LIBRARIES: /usr/lib/x86_64-linux-gnu/libpython3.8.so\n'}
[0.948860] (rover_utils) StdoutLine: {'line': b"-- Added test 'copyright' to check source files copyright and LICENSE\n"}
[0.951702] (rover_utils) StdoutLine: {'line': b"-- Added test 'lint_cmake' to check CMake code style\n"}
[0.953131] (rover_utils) StdoutLine: {'line': b"-- Added test 'xmllint' to check XML markup files\n"}
[0.959016] (rover_utils) StdoutLine: {'line': b'-- Configuring done\n'}
[1.001286] (-) TimerEvent: {}
[1.022562] (rover_utils) StdoutLine: {'line': b'-- Generating done\n'}
[1.028683] (rover_utils) StdoutLine: {'line': b'-- Build files have been written to: /home/ros-vm/github/auton_sys-23/utils/build/rover_utils\n'}
[1.061193] (rover_utils) StdoutLine: {'line': b'[  3%] \x1b[34m\x1b[1mGenerating C code for ROS interfaces\x1b[0m\n'}
[1.076223] (rover_utils) StdoutLine: {'line': b'[  6%] \x1b[34m\x1b[1mGenerating C++ code for ROS interfaces\x1b[0m\n'}
[1.101392] (-) TimerEvent: {}
[1.201658] (-) TimerEvent: {}
[1.301933] (-) TimerEvent: {}
[1.402320] (-) TimerEvent: {}
[1.466050] (rover_utils) StdoutLine: {'line': b'\x1b[35m\x1b[1mScanning dependencies of target rover_utils__rosidl_generator_c\x1b[0m\n'}
[1.478412] (rover_utils) StdoutLine: {'line': b'[  6%] Built target rover_utils__cpp\n'}
[1.485133] (rover_utils) StdoutLine: {'line': b'[  9%] \x1b[32mBuilding C object CMakeFiles/rover_utils__rosidl_generator_c.dir/rosidl_generator_c/rover_utils/action/detail/minimal_walk__functions.c.o\x1b[0m\n'}
[1.496114] (rover_utils) StdoutLine: {'line': b'[ 12%] \x1b[34m\x1b[1mGenerating C++ type support dispatch for ROS interfaces\x1b[0m\n'}
[1.500999] (rover_utils) StderrLine: {'line': b'In file included from \x1b[01m\x1b[K/home/ros-vm/github/auton_sys-23/utils/build/rover_utils/rosidl_generator_c/rover_utils/action/detail/minimal_walk__functions.h:19\x1b[m\x1b[K,\n'}
[1.501277] (rover_utils) StderrLine: {'line': b'                 from \x1b[01m\x1b[K/home/ros-vm/github/auton_sys-23/utils/build/rover_utils/rosidl_generator_c/rover_utils/action/detail/minimal_walk__functions.c:4\x1b[m\x1b[K:\n'}
[1.501366] (rover_utils) StderrLine: {'line': b'\x1b[01m\x1b[K/home/ros-vm/github/auton_sys-23/utils/build/rover_utils/rosidl_generator_c/rover_utils/action/detail/minimal_walk__struct.h:22:10:\x1b[m\x1b[K \x1b[01;31m\x1b[Kfatal error: \x1b[m\x1b[Krover_utils/msg/detail/point32__struct.h: No such file or directory\n'}
[1.501426] (rover_utils) StderrLine: {'line': b'   22 | #include \x1b[01;31m\x1b[K"rover_utils/msg/detail/point32__struct.h"\x1b[m\x1b[K\n'}
[1.501486] (rover_utils) StderrLine: {'line': b'      |          \x1b[01;31m\x1b[K^~~~~~~~~~~~~~~~~~~~~~~~~~~~~~~~~~~~~~~~~~\x1b[m\x1b[K\n'}
[1.501540] (rover_utils) StderrLine: {'line': b'compilation terminated.\n'}
[1.502421] (rover_utils) StderrLine: {'line': b'make[2]: *** [CMakeFiles/rover_utils__rosidl_generator_c.dir/build.make:99: CMakeFiles/rover_utils__rosidl_generator_c.dir/rosidl_generator_c/rover_utils/action/detail/minimal_walk__functions.c.o] Error 1\n'}
[1.502533] (-) TimerEvent: {}
[1.503131] (rover_utils) StderrLine: {'line': b'make[1]: *** [CMakeFiles/Makefile2:267: CMakeFiles/rover_utils__rosidl_generator_c.dir/all] Error 2\n'}
[1.503232] (rover_utils) StderrLine: {'line': b'make[1]: *** Waiting for unfinished jobs....\n'}
[1.602646] (-) TimerEvent: {}
[1.702940] (-) TimerEvent: {}
[1.747074] (rover_utils) StdoutLine: {'line': b'\x1b[35m\x1b[1mScanning dependencies of target rover_utils__rosidl_typesupport_cpp\x1b[0m\n'}
[1.764331] (rover_utils) StdoutLine: {'line': b'[ 16%] \x1b[32mBuilding CXX object CMakeFiles/rover_utils__rosidl_typesupport_cpp.dir/rosidl_typesupport_cpp/rover_utils/action/minimal_walk__type_support.cpp.o\x1b[0m\n'}
[1.803126] (-) TimerEvent: {}
[1.816047] (rover_utils) StderrLine: {'line': b'In file included from \x1b[01m\x1b[K/home/ros-vm/github/auton_sys-23/utils/build/rover_utils/rosidl_typesupport_cpp/rover_utils/action/minimal_walk__type_support.cpp:7\x1b[m\x1b[K:\n'}
[1.816258] (rover_utils) StderrLine: {'line': b'\x1b[01m\x1b[K/home/ros-vm/github/auton_sys-23/utils/build/rover_utils/rosidl_generator_cpp/rover_utils/action/detail/minimal_walk__struct.hpp:19:10:\x1b[m\x1b[K \x1b[01;31m\x1b[Kfatal error: \x1b[m\x1b[Krover_utils/msg/detail/point32__struct.hpp: No such file or directory\n'}
[1.816353] (rover_utils) StderrLine: {'line': b'   19 | #include \x1b[01;31m\x1b[K"rover_utils/msg/detail/point32__struct.hpp"\x1b[m\x1b[K\n'}
[1.816412] (rover_utils) StderrLine: {'line': b'      |          \x1b[01;31m\x1b[K^~~~~~~~~~~~~~~~~~~~~~~~~~~~~~~~~~~~~~~~~~~~\x1b[m\x1b[K\n'}
[1.816471] (rover_utils) StderrLine: {'line': b'compilation terminated.\n'}
[1.818497] (rover_utils) StderrLine: {'line': b'make[2]: *** [CMakeFiles/rover_utils__rosidl_typesupport_cpp.dir/build.make:80: CMakeFiles/rover_utils__rosidl_typesupport_cpp.dir/rosidl_typesupport_cpp/rover_utils/action/minimal_walk__type_support.cpp.o] Error 1\n'}
[1.818864] (rover_utils) StderrLine: {'line': b'make[1]: *** [CMakeFiles/Makefile2:496: CMakeFiles/rover_utils__rosidl_typesupport_cpp.dir/all] Error 2\n'}
[1.819016] (rover_utils) StderrLine: {'line': b'make: *** [Makefile:141: all] Error 2\n'}
[1.824710] (rover_utils) CommandEnded: {'returncode': 2}
[1.903374] (-) TimerEvent: {}
[1.932230] (rover_utils) JobEnded: {'identifier': 'rover_utils', 'rc': 2}
[1.938121] (-) EventReactorShutdown: {}
